2018-02-20 14:52:42,670 [Worker-0] INFO  c.g.t.t.d.PublishedGradleVersions - Gradle version information cache is up-to-date. Trying to read.
2018-05-28 11:19:00,897 [Worker-1] INFO  c.g.t.t.d.PublishedGradleVersions - Gradle version information cache is up-to-date. Trying to read.
2018-05-28 11:19:48,908 [Worker-3] INFO  o.e.m.c.i.l.LifecycleMappingFactory - Using org.eclipse.m2e.jdt.JarLifecycleMapping lifecycle mapping for MavenProject: ppdCrowd:Crowdsourcing:0.0.1-SNAPSHOT @ C:\Users\sebas\Dev\Workspace\PPD\Crowdsourcing\pom.xml.
2018-05-28 11:19:53,660 [Worker-3] INFO  o.e.m.j.i.AbstractJavaProjectConfigurator - Adding source folder /Crowdsourcing/src/main/java
2018-05-28 11:19:53,661 [Worker-3] INFO  o.e.m.j.i.AbstractJavaProjectConfigurator - Adding resource folder /Crowdsourcing/src/main/resources
2018-05-28 11:19:53,662 [Worker-3] INFO  o.e.m.j.i.AbstractJavaProjectConfigurator - Adding resource folder /Crowdsourcing/src/main/resources
2018-05-28 11:19:53,663 [Worker-3] INFO  o.e.m.j.i.AbstractJavaProjectConfigurator - Adding source folder /Crowdsourcing/src/test/java
2018-05-28 11:19:53,886 [Worker-3] INFO  o.e.m.c.i.p.ProjectConfigurationManager - Imported and configured 1 project(s) in 14 sec
2018-05-28 11:19:57,260 [Worker-8] INFO  o.e.m.c.i.embedder.EclipseLogger - Using 'UTF-8' encoding to copy filtered resources.
2018-05-28 11:19:57,268 [Worker-8] INFO  o.e.m.c.i.embedder.EclipseLogger - Copying 1 resource
2018-05-28 11:19:57,289 [Worker-8] INFO  o.e.m.c.i.embedder.EclipseLogger - Copying 1 resource
2018-05-28 11:19:57,315 [Worker-8] INFO  o.e.m.c.i.embedder.EclipseLogger - Using 'UTF-8' encoding to copy filtered resources.
2018-05-28 11:19:57,316 [Worker-8] INFO  o.e.m.c.i.embedder.EclipseLogger - skip non existing resourceDirectory C:\Users\sebas\Dev\Workspace\PPD\Crowdsourcing\src\test\resources
2018-05-28 11:21:49,362 [Worker-7] INFO  o.e.m.c.i.embedder.EclipseLogger - Using 'UTF-8' encoding to copy filtered resources.
2018-05-28 11:21:49,369 [Worker-7] INFO  o.e.m.c.i.embedder.EclipseLogger - Copying 1 resource
2018-05-28 11:21:49,375 [Worker-7] INFO  o.e.m.c.i.embedder.EclipseLogger - Copying 1 resource
2018-05-28 11:21:49,411 [Worker-7] INFO  o.e.m.c.i.embedder.EclipseLogger - Using 'UTF-8' encoding to copy filtered resources.
2018-05-28 11:21:49,430 [Worker-7] INFO  o.e.m.c.i.embedder.EclipseLogger - skip non existing resourceDirectory C:\Users\sebas\Dev\Workspace\PPD\Crowdsourcing\src\test\resources
2018-05-28 11:24:32,182 [Worker-13] INFO  o.e.m.c.i.embedder.EclipseLogger - Using 'UTF-8' encoding to copy filtered resources.
2018-05-28 11:24:32,183 [Worker-13] INFO  o.e.m.c.i.embedder.EclipseLogger - Copying 1 resource
2018-05-28 11:24:32,187 [Worker-13] INFO  o.e.m.c.i.embedder.EclipseLogger - Copying 1 resource
2018-05-28 11:24:32,200 [Worker-13] INFO  o.e.m.c.i.embedder.EclipseLogger - Using 'UTF-8' encoding to copy filtered resources.
2018-05-28 11:24:32,210 [Worker-13] INFO  o.e.m.c.i.embedder.EclipseLogger - skip non existing resourceDirectory C:\Users\sebas\Dev\Workspace\PPD\Crowdsourcing\src\test\resources
2018-05-28 11:26:51,689 [Worker-4] INFO  o.e.m.c.i.embedder.EclipseLogger - Using 'UTF-8' encoding to copy filtered resources.
2018-05-28 11:26:51,690 [Worker-4] INFO  o.e.m.c.i.embedder.EclipseLogger - Copying 1 resource
2018-05-28 11:26:51,700 [Worker-4] INFO  o.e.m.c.i.embedder.EclipseLogger - Copying 1 resource
2018-05-28 11:26:51,709 [Worker-4] INFO  o.e.m.c.i.embedder.EclipseLogger - Using 'UTF-8' encoding to copy filtered resources.
2018-05-28 11:26:51,716 [Worker-4] INFO  o.e.m.c.i.embedder.EclipseLogger - skip non existing resourceDirectory C:\Users\sebas\Dev\Workspace\PPD\Crowdsourcing\src\test\resources
2018-05-28 11:27:06,046 [Worker-13] INFO  o.e.m.c.i.embedder.EclipseLogger - Using 'UTF-8' encoding to copy filtered resources.
2018-05-28 11:27:06,048 [Worker-13] INFO  o.e.m.c.i.embedder.EclipseLogger - Copying 1 resource
2018-05-28 11:27:06,068 [Worker-13] INFO  o.e.m.c.i.embedder.EclipseLogger - Copying 1 resource
2018-05-28 11:27:06,082 [Worker-13] INFO  o.e.m.c.i.embedder.EclipseLogger - Using 'UTF-8' encoding to copy filtered resources.
2018-05-28 11:27:06,082 [Worker-13] INFO  o.e.m.c.i.embedder.EclipseLogger - skip non existing resourceDirectory C:\Users\sebas\Dev\Workspace\PPD\Crowdsourcing\src\test\resources
2018-05-28 11:28:03,339 [Worker-4] INFO  o.e.m.c.i.embedder.EclipseLogger - Using 'UTF-8' encoding to copy filtered resources.
2018-05-28 11:28:03,343 [Worker-4] INFO  o.e.m.c.i.embedder.EclipseLogger - Copying 1 resource
2018-05-28 11:28:03,347 [Worker-4] INFO  o.e.m.c.i.embedder.EclipseLogger - Copying 1 resource
2018-05-28 11:28:03,350 [Worker-4] INFO  o.e.m.c.i.embedder.EclipseLogger - Using 'UTF-8' encoding to copy filtered resources.
2018-05-28 11:28:03,350 [Worker-4] INFO  o.e.m.c.i.embedder.EclipseLogger - skip non existing resourceDirectory C:\Users\sebas\Dev\Workspace\PPD\Crowdsourcing\src\test\resources
2018-05-28 12:03:35,297 [Worker-15] INFO  o.e.m.c.i.embedder.EclipseLogger - Using 'UTF-8' encoding to copy filtered resources.
2018-05-28 12:03:35,299 [Worker-15] INFO  o.e.m.c.i.embedder.EclipseLogger - Copying 1 resource
2018-05-28 12:03:35,302 [Worker-15] INFO  o.e.m.c.i.embedder.EclipseLogger - Copying 1 resource
2018-05-28 12:03:35,318 [Worker-15] INFO  o.e.m.c.i.embedder.EclipseLogger - Using 'UTF-8' encoding to copy filtered resources.
2018-05-28 12:03:35,318 [Worker-15] INFO  o.e.m.c.i.embedder.EclipseLogger - skip non existing resourceDirectory C:\Users\sebas\Dev\Workspace\PPD\Crowdsourcing\src\test\resources
2018-05-28 12:04:43,466 [Worker-20] INFO  o.e.m.c.i.embedder.EclipseLogger - Using 'UTF-8' encoding to copy filtered resources.
2018-05-28 12:04:43,468 [Worker-20] INFO  o.e.m.c.i.embedder.EclipseLogger - Copying 1 resource
2018-05-28 12:04:43,483 [Worker-20] INFO  o.e.m.c.i.embedder.EclipseLogger - Copying 1 resource
2018-05-28 12:04:43,500 [Worker-20] INFO  o.e.m.c.i.embedder.EclipseLogger - Using 'UTF-8' encoding to copy filtered resources.
2018-05-28 12:04:43,508 [Worker-20] INFO  o.e.m.c.i.embedder.EclipseLogger - skip non existing resourceDirectory C:\Users\sebas\Dev\Workspace\PPD\Crowdsourcing\src\test\resources
2018-05-28 12:14:50,300 [Worker-2] INFO  o.e.m.c.i.embedder.EclipseLogger - Using 'UTF-8' encoding to copy filtered resources.
2018-05-28 12:14:50,302 [Worker-2] INFO  o.e.m.c.i.embedder.EclipseLogger - Copying 1 resource
2018-05-28 12:14:50,317 [Worker-2] INFO  o.e.m.c.i.embedder.EclipseLogger - Copying 1 resource
2018-05-28 12:14:50,332 [Worker-2] INFO  o.e.m.c.i.embedder.EclipseLogger - Using 'UTF-8' encoding to copy filtered resources.
2018-05-28 12:14:50,332 [Worker-2] INFO  o.e.m.c.i.embedder.EclipseLogger - skip non existing resourceDirectory C:\Users\sebas\Dev\Workspace\PPD\Crowdsourcing\src\test\resources
2018-05-28 12:15:06,013 [Worker-19] INFO  o.e.m.c.i.embedder.EclipseLogger - Using 'UTF-8' encoding to copy filtered resources.
2018-05-28 12:15:06,015 [Worker-19] INFO  o.e.m.c.i.embedder.EclipseLogger - Copying 1 resource
2018-05-28 12:15:06,019 [Worker-19] INFO  o.e.m.c.i.embedder.EclipseLogger - Copying 1 resource
2018-05-28 12:15:06,022 [Worker-19] INFO  o.e.m.c.i.embedder.EclipseLogger - Using 'UTF-8' encoding to copy filtered resources.
2018-05-28 12:15:06,035 [Worker-19] INFO  o.e.m.c.i.embedder.EclipseLogger - skip non existing resourceDirectory C:\Users\sebas\Dev\Workspace\PPD\Crowdsourcing\src\test\resources
2018-05-28 12:25:43,496 [Worker-21] INFO  o.e.m.c.i.embedder.EclipseLogger - Using 'UTF-8' encoding to copy filtered resources.
2018-05-28 12:25:43,506 [Worker-21] INFO  o.e.m.c.i.embedder.EclipseLogger - Copying 1 resource
2018-05-28 12:25:43,516 [Worker-21] INFO  o.e.m.c.i.embedder.EclipseLogger - Copying 1 resource
2018-05-28 12:25:43,528 [Worker-21] INFO  o.e.m.c.i.embedder.EclipseLogger - Using 'UTF-8' encoding to copy filtered resources.
2018-05-28 12:25:43,528 [Worker-21] INFO  o.e.m.c.i.embedder.EclipseLogger - skip non existing resourceDirectory C:\Users\sebas\Dev\Workspace\PPD\Crowdsourcing\src\test\resources
2018-06-04 12:22:57,307 [Worker-112] INFO  o.e.m.c.i.embedder.EclipseLogger - Using 'UTF-8' encoding to copy filtered resources.
2018-06-04 12:22:57,310 [Worker-112] INFO  o.e.m.c.i.embedder.EclipseLogger - Copying 1 resource
2018-06-04 12:22:57,313 [Worker-112] INFO  o.e.m.c.i.embedder.EclipseLogger - Copying 1 resource
2018-06-04 12:22:57,317 [Worker-112] INFO  o.e.m.c.i.embedder.EclipseLogger - Using 'UTF-8' encoding to copy filtered resources.
2018-06-04 12:22:57,318 [Worker-112] INFO  o.e.m.c.i.embedder.EclipseLogger - skip non existing resourceDirectory C:\Users\sebas\Dev\Workspace\PPD\Crowdsourcing\src\test\resources
2018-06-11 09:08:32,926 [Worker-154] INFO  o.e.m.c.i.embedder.EclipseLogger - Using 'UTF-8' encoding to copy filtered resources.
2018-06-11 09:08:32,928 [Worker-154] INFO  o.e.m.c.i.embedder.EclipseLogger - Copying 1 resource
2018-06-11 09:08:32,931 [Worker-154] INFO  o.e.m.c.i.embedder.EclipseLogger - Copying 1 resource
2018-06-11 09:08:32,934 [Worker-154] INFO  o.e.m.c.i.embedder.EclipseLogger - Using 'UTF-8' encoding to copy filtered resources.
2018-06-11 09:08:32,935 [Worker-154] INFO  o.e.m.c.i.embedder.EclipseLogger - skip non existing resourceDirectory C:\Users\sebas\Dev\Workspace\PPD\Crowdsourcing\src\test\resources
2018-06-11 09:10:15,668 [Worker-155] INFO  o.e.m.c.i.embedder.EclipseLogger - Using 'UTF-8' encoding to copy filtered resources.
2018-06-11 09:10:15,670 [Worker-155] INFO  o.e.m.c.i.embedder.EclipseLogger - Copying 1 resource
2018-06-11 09:10:15,673 [Worker-155] INFO  o.e.m.c.i.embedder.EclipseLogger - Copying 1 resource
2018-06-11 09:10:15,676 [Worker-155] INFO  o.e.m.c.i.embedder.EclipseLogger - Using 'UTF-8' encoding to copy filtered resources.
2018-06-11 09:10:15,676 [Worker-155] INFO  o.e.m.c.i.embedder.EclipseLogger - skip non existing resourceDirectory C:\Users\sebas\Dev\Workspace\PPD\Crowdsourcing\src\test\resources
2018-06-11 09:10:22,511 [Worker-155] INFO  o.e.m.c.i.embedder.EclipseLogger - Using 'UTF-8' encoding to copy filtered resources.
2018-06-11 09:10:22,512 [Worker-155] INFO  o.e.m.c.i.embedder.EclipseLogger - Copying 1 resource
2018-06-11 09:10:22,515 [Worker-155] INFO  o.e.m.c.i.embedder.EclipseLogger - Copying 1 resource
2018-06-11 09:10:22,519 [Worker-155] INFO  o.e.m.c.i.embedder.EclipseLogger - Using 'UTF-8' encoding to copy filtered resources.
2018-06-11 09:10:22,519 [Worker-155] INFO  o.e.m.c.i.embedder.EclipseLogger - skip non existing resourceDirectory C:\Users\sebas\Dev\Workspace\PPD\Crowdsourcing\src\test\resources
2018-06-11 09:11:22,673 [Worker-158] INFO  o.e.m.c.i.embedder.EclipseLogger - Using 'UTF-8' encoding to copy filtered resources.
2018-06-11 09:11:22,675 [Worker-158] INFO  o.e.m.c.i.embedder.EclipseLogger - Copying 1 resource
2018-06-11 09:11:22,679 [Worker-158] INFO  o.e.m.c.i.embedder.EclipseLogger - Copying 1 resource
2018-06-11 09:11:22,688 [Worker-158] INFO  o.e.m.c.i.embedder.EclipseLogger - Using 'UTF-8' encoding to copy filtered resources.
2018-06-11 09:11:22,689 [Worker-158] INFO  o.e.m.c.i.embedder.EclipseLogger - skip non existing resourceDirectory C:\Users\sebas\Dev\Workspace\PPD\Crowdsourcing\src\test\resources
2018-06-11 09:12:16,536 [Worker-150] INFO  o.e.m.c.i.embedder.EclipseLogger - Using 'UTF-8' encoding to copy filtered resources.
2018-06-11 09:12:16,538 [Worker-150] INFO  o.e.m.c.i.embedder.EclipseLogger - Copying 1 resource
2018-06-11 09:12:16,541 [Worker-150] INFO  o.e.m.c.i.embedder.EclipseLogger - Copying 1 resource
2018-06-11 09:12:16,544 [Worker-150] INFO  o.e.m.c.i.embedder.EclipseLogger - Using 'UTF-8' encoding to copy filtered resources.
2018-06-11 09:12:16,545 [Worker-150] INFO  o.e.m.c.i.embedder.EclipseLogger - skip non existing resourceDirectory C:\Users\sebas\Dev\Workspace\PPD\Crowdsourcing\src\test\resources
2018-06-11 09:12:44,132 [Worker-158] INFO  o.e.m.c.i.embedder.EclipseLogger - Using 'UTF-8' encoding to copy filtered resources.
2018-06-11 09:12:44,134 [Worker-158] INFO  o.e.m.c.i.embedder.EclipseLogger - Copying 1 resource
2018-06-11 09:12:44,137 [Worker-158] INFO  o.e.m.c.i.embedder.EclipseLogger - Copying 1 resource
2018-06-11 09:12:44,139 [Worker-158] INFO  o.e.m.c.i.embedder.EclipseLogger - Using 'UTF-8' encoding to copy filtered resources.
2018-06-11 09:12:44,140 [Worker-158] INFO  o.e.m.c.i.embedder.EclipseLogger - skip non existing resourceDirectory C:\Users\sebas\Dev\Workspace\PPD\Crowdsourcing\src\test\resources
2018-06-11 09:17:03,502 [Worker-147] INFO  o.e.m.c.i.embedder.EclipseLogger - Using 'UTF-8' encoding to copy filtered resources.
2018-06-11 09:17:03,504 [Worker-147] INFO  o.e.m.c.i.embedder.EclipseLogger - Copying 1 resource
2018-06-11 09:17:03,507 [Worker-147] INFO  o.e.m.c.i.embedder.EclipseLogger - Copying 1 resource
2018-06-11 09:17:03,510 [Worker-147] INFO  o.e.m.c.i.embedder.EclipseLogger - Using 'UTF-8' encoding to copy filtered resources.
2018-06-11 09:17:03,510 [Worker-147] INFO  o.e.m.c.i.embedder.EclipseLogger - skip non existing resourceDirectory C:\Users\sebas\Dev\Workspace\PPD\Crowdsourcing\src\test\resources
2018-06-11 09:17:59,385 [Worker-155] INFO  o.e.m.c.i.embedder.EclipseLogger - Using 'UTF-8' encoding to copy filtered resources.
2018-06-11 09:17:59,386 [Worker-155] INFO  o.e.m.c.i.embedder.EclipseLogger - Copying 1 resource
2018-06-11 09:17:59,389 [Worker-155] INFO  o.e.m.c.i.embedder.EclipseLogger - Copying 1 resource
2018-06-11 09:17:59,396 [Worker-155] INFO  o.e.m.c.i.embedder.EclipseLogger - Using 'UTF-8' encoding to copy filtered resources.
2018-06-11 09:17:59,396 [Worker-155] INFO  o.e.m.c.i.embedder.EclipseLogger - skip non existing resourceDirectory C:\Users\sebas\Dev\Workspace\PPD\Crowdsourcing\src\test\resources
2018-06-11 09:18:15,504 [Worker-147] INFO  o.e.m.c.i.embedder.EclipseLogger - Using 'UTF-8' encoding to copy filtered resources.
2018-06-11 09:18:15,506 [Worker-147] INFO  o.e.m.c.i.embedder.EclipseLogger - Copying 1 resource
2018-06-11 09:18:15,509 [Worker-147] INFO  o.e.m.c.i.embedder.EclipseLogger - Copying 1 resource
2018-06-11 09:18:15,513 [Worker-147] INFO  o.e.m.c.i.embedder.EclipseLogger - Using 'UTF-8' encoding to copy filtered resources.
2018-06-11 09:18:15,513 [Worker-147] INFO  o.e.m.c.i.embedder.EclipseLogger - skip non existing resourceDirectory C:\Users\sebas\Dev\Workspace\PPD\Crowdsourcing\src\test\resources
2018-06-11 10:42:51,386 [Worker-175] INFO  o.e.m.c.i.embedder.EclipseLogger - Using 'UTF-8' encoding to copy filtered resources.
2018-06-11 10:42:51,388 [Worker-175] INFO  o.e.m.c.i.embedder.EclipseLogger - Copying 1 resource
2018-06-11 10:42:51,392 [Worker-175] INFO  o.e.m.c.i.embedder.EclipseLogger - Copying 1 resource
2018-06-11 10:42:51,396 [Worker-175] INFO  o.e.m.c.i.embedder.EclipseLogger - Using 'UTF-8' encoding to copy filtered resources.
2018-06-11 10:42:51,396 [Worker-175] INFO  o.e.m.c.i.embedder.EclipseLogger - skip non existing resourceDirectory C:\Users\sebas\Dev\Workspace\PPD\Crowdsourcing\src\test\resources
2018-06-11 10:43:19,036 [Worker-178] INFO  o.e.m.c.i.embedder.EclipseLogger - Using 'UTF-8' encoding to copy filtered resources.
2018-06-11 10:43:19,037 [Worker-178] INFO  o.e.m.c.i.embedder.EclipseLogger - Copying 1 resource
2018-06-11 10:43:19,039 [Worker-178] INFO  o.e.m.c.i.embedder.EclipseLogger - Copying 1 resource
2018-06-11 10:43:19,047 [Worker-178] INFO  o.e.m.c.i.embedder.EclipseLogger - Using 'UTF-8' encoding to copy filtered resources.
2018-06-11 10:43:19,048 [Worker-178] INFO  o.e.m.c.i.embedder.EclipseLogger - skip non existing resourceDirectory C:\Users\sebas\Dev\Workspace\PPD\Crowdsourcing\src\test\resources
2018-06-11 10:47:52,495 [Worker-181] INFO  o.e.m.c.i.embedder.EclipseLogger - Using 'UTF-8' encoding to copy filtered resources.
2018-06-11 10:47:52,496 [Worker-181] INFO  o.e.m.c.i.embedder.EclipseLogger - Copying 1 resource
2018-06-11 10:47:52,507 [Worker-181] INFO  o.e.m.c.i.embedder.EclipseLogger - Copying 1 resource
2018-06-11 10:47:52,517 [Worker-181] INFO  o.e.m.c.i.embedder.EclipseLogger - Using 'UTF-8' encoding to copy filtered resources.
2018-06-11 10:47:52,525 [Worker-181] INFO  o.e.m.c.i.embedder.EclipseLogger - skip non existing resourceDirectory C:\Users\sebas\Dev\Workspace\PPD\Crowdsourcing\src\test\resources
2018-06-11 10:47:56,991 [Worker-180] INFO  o.e.m.c.i.embedder.EclipseLogger - Using 'UTF-8' encoding to copy filtered resources.
2018-06-11 10:47:57,000 [Worker-180] INFO  o.e.m.c.i.embedder.EclipseLogger - Copying 1 resource
2018-06-11 10:47:57,010 [Worker-180] INFO  o.e.m.c.i.embedder.EclipseLogger - Copying 1 resource
2018-06-11 10:47:57,021 [Worker-180] INFO  o.e.m.c.i.embedder.EclipseLogger - Using 'UTF-8' encoding to copy filtered resources.
2018-06-11 10:47:57,021 [Worker-180] INFO  o.e.m.c.i.embedder.EclipseLogger - skip non existing resourceDirectory C:\Users\sebas\Dev\Workspace\PPD\Crowdsourcing\src\test\resources
2018-06-11 10:48:44,549 [Worker-175] INFO  o.e.m.c.i.embedder.EclipseLogger - Using 'UTF-8' encoding to copy filtered resources.
2018-06-11 10:48:44,550 [Worker-175] INFO  o.e.m.c.i.embedder.EclipseLogger - Copying 1 resource
2018-06-11 10:48:44,554 [Worker-175] INFO  o.e.m.c.i.embedder.EclipseLogger - Copying 1 resource
2018-06-11 10:48:44,557 [Worker-175] INFO  o.e.m.c.i.embedder.EclipseLogger - Using 'UTF-8' encoding to copy filtered resources.
2018-06-11 10:48:44,565 [Worker-175] INFO  o.e.m.c.i.embedder.EclipseLogger - skip non existing resourceDirectory C:\Users\sebas\Dev\Workspace\PPD\Crowdsourcing\src\test\resources
2018-06-11 10:48:47,028 [Worker-176] INFO  o.e.m.c.i.embedder.EclipseLogger - Using 'UTF-8' encoding to copy filtered resources.
2018-06-11 10:48:47,036 [Worker-176] INFO  o.e.m.c.i.embedder.EclipseLogger - Copying 1 resource
2018-06-11 10:48:47,045 [Worker-176] INFO  o.e.m.c.i.embedder.EclipseLogger - Copying 1 resource
2018-06-11 10:48:47,054 [Worker-176] INFO  o.e.m.c.i.embedder.EclipseLogger - Using 'UTF-8' encoding to copy filtered resources.
2018-06-11 10:48:47,054 [Worker-176] INFO  o.e.m.c.i.embedder.EclipseLogger - skip non existing resourceDirectory C:\Users\sebas\Dev\Workspace\PPD\Crowdsourcing\src\test\resources
2018-06-11 10:54:29,122 [Worker-177] INFO  o.e.m.c.i.embedder.EclipseLogger - Using 'UTF-8' encoding to copy filtered resources.
2018-06-11 10:54:29,124 [Worker-177] INFO  o.e.m.c.i.embedder.EclipseLogger - Copying 1 resource
2018-06-11 10:54:29,135 [Worker-177] INFO  o.e.m.c.i.embedder.EclipseLogger - Copying 1 resource
2018-06-11 10:54:29,145 [Worker-177] INFO  o.e.m.c.i.embedder.EclipseLogger - Using 'UTF-8' encoding to copy filtered resources.
2018-06-11 10:54:29,153 [Worker-177] INFO  o.e.m.c.i.embedder.EclipseLogger - skip non existing resourceDirectory C:\Users\sebas\Dev\Workspace\PPD\Crowdsourcing\src\test\resources
2018-06-11 10:56:40,333 [Worker-178] INFO  o.e.m.c.i.embedder.EclipseLogger - Using 'UTF-8' encoding to copy filtered resources.
2018-06-11 10:56:40,339 [Worker-178] INFO  o.e.m.c.i.embedder.EclipseLogger - Copying 1 resource
2018-06-11 10:56:40,349 [Worker-178] INFO  o.e.m.c.i.embedder.EclipseLogger - Copying 1 resource
2018-06-11 10:56:40,360 [Worker-178] INFO  o.e.m.c.i.embedder.EclipseLogger - Using 'UTF-8' encoding to copy filtered resources.
2018-06-11 10:56:40,360 [Worker-178] INFO  o.e.m.c.i.embedder.EclipseLogger - skip non existing resourceDirectory C:\Users\sebas\Dev\Workspace\PPD\Crowdsourcing\src\test\resources
2018-06-11 11:25:30,623 [Worker-188] INFO  o.e.m.c.i.embedder.EclipseLogger - Using 'UTF-8' encoding to copy filtered resources.
2018-06-11 11:25:30,626 [Worker-188] INFO  o.e.m.c.i.embedder.EclipseLogger - Copying 1 resource
2018-06-11 11:25:30,629 [Worker-188] INFO  o.e.m.c.i.embedder.EclipseLogger - Copying 1 resource
2018-06-11 11:25:30,632 [Worker-188] INFO  o.e.m.c.i.embedder.EclipseLogger - Using 'UTF-8' encoding to copy filtered resources.
2018-06-11 11:25:30,632 [Worker-188] INFO  o.e.m.c.i.embedder.EclipseLogger - skip non existing resourceDirectory C:\Users\sebas\Dev\Workspace\PPD\Crowdsourcing\src\test\resources
2018-06-18 10:22:27,621 [Worker-246] INFO  o.e.m.c.i.embedder.EclipseLogger - Using 'UTF-8' encoding to copy filtered resources.
2018-06-18 10:22:27,622 [Worker-246] INFO  o.e.m.c.i.embedder.EclipseLogger - Copying 1 resource
2018-06-18 10:22:27,626 [Worker-246] INFO  o.e.m.c.i.embedder.EclipseLogger - Copying 1 resource
2018-06-18 10:22:27,634 [Worker-246] INFO  o.e.m.c.i.embedder.EclipseLogger - Using 'UTF-8' encoding to copy filtered resources.
2018-06-18 10:22:27,634 [Worker-246] INFO  o.e.m.c.i.embedder.EclipseLogger - skip non existing resourceDirectory C:\Users\sebas\Dev\Workspace\PPD\Crowdsourcing\src\test\resources
2018-06-18 10:22:36,334 [Worker-243] INFO  o.e.m.c.i.embedder.EclipseLogger - Using 'UTF-8' encoding to copy filtered resources.
2018-06-18 10:22:36,336 [Worker-243] INFO  o.e.m.c.i.embedder.EclipseLogger - Copying 1 resource
2018-06-18 10:22:36,348 [Worker-243] INFO  o.e.m.c.i.embedder.EclipseLogger - Copying 1 resource
2018-06-18 10:22:36,359 [Worker-243] INFO  o.e.m.c.i.embedder.EclipseLogger - Using 'UTF-8' encoding to copy filtered resources.
2018-06-18 10:22:36,366 [Worker-243] INFO  o.e.m.c.i.embedder.EclipseLogger - skip non existing resourceDirectory C:\Users\sebas\Dev\Workspace\PPD\Crowdsourcing\src\test\resources
2018-06-18 10:24:37,189 [Worker-245] INFO  o.e.m.c.i.embedder.EclipseLogger - Using 'UTF-8' encoding to copy filtered resources.
2018-06-18 10:24:37,197 [Worker-245] INFO  o.e.m.c.i.embedder.EclipseLogger - Copying 1 resource
2018-06-18 10:24:37,209 [Worker-245] INFO  o.e.m.c.i.embedder.EclipseLogger - Copying 1 resource
2018-06-18 10:24:37,219 [Worker-245] INFO  o.e.m.c.i.embedder.EclipseLogger - Using 'UTF-8' encoding to copy filtered resources.
2018-06-18 10:24:37,219 [Worker-245] INFO  o.e.m.c.i.embedder.EclipseLogger - skip non existing resourceDirectory C:\Users\sebas\Dev\Workspace\PPD\Crowdsourcing\src\test\resources
2018-06-18 10:25:18,961 [Worker-249] INFO  o.e.m.c.i.embedder.EclipseLogger - Using 'UTF-8' encoding to copy filtered resources.
2018-06-18 10:25:18,963 [Worker-249] INFO  o.e.m.c.i.embedder.EclipseLogger - Copying 1 resource
2018-06-18 10:25:18,966 [Worker-249] INFO  o.e.m.c.i.embedder.EclipseLogger - Copying 1 resource
2018-06-18 10:25:18,968 [Worker-249] INFO  o.e.m.c.i.embedder.EclipseLogger - Using 'UTF-8' encoding to copy filtered resources.
2018-06-18 10:25:18,976 [Worker-249] INFO  o.e.m.c.i.embedder.EclipseLogger - skip non existing resourceDirectory C:\Users\sebas\Dev\Workspace\PPD\Crowdsourcing\src\test\resources
2018-06-18 10:25:42,137 [Worker-246] INFO  o.e.m.c.i.embedder.EclipseLogger - Using 'UTF-8' encoding to copy filtered resources.
2018-06-18 10:25:42,147 [Worker-246] INFO  o.e.m.c.i.embedder.EclipseLogger - Copying 1 resource
2018-06-18 10:25:42,159 [Worker-246] INFO  o.e.m.c.i.embedder.EclipseLogger - Copying 1 resource
2018-06-18 10:25:42,172 [Worker-246] INFO  o.e.m.c.i.embedder.EclipseLogger - Using 'UTF-8' encoding to copy filtered resources.
2018-06-18 10:25:42,173 [Worker-246] INFO  o.e.m.c.i.embedder.EclipseLogger - skip non existing resourceDirectory C:\Users\sebas\Dev\Workspace\PPD\Crowdsourcing\src\test\resources
2018-06-18 10:34:07,918 [Worker-255] INFO  o.e.m.c.i.embedder.EclipseLogger - Using 'UTF-8' encoding to copy filtered resources.
2018-06-18 10:34:07,919 [Worker-255] INFO  o.e.m.c.i.embedder.EclipseLogger - Copying 1 resource
2018-06-18 10:34:07,929 [Worker-255] INFO  o.e.m.c.i.embedder.EclipseLogger - Copying 1 resource
2018-06-18 10:34:07,938 [Worker-255] INFO  o.e.m.c.i.embedder.EclipseLogger - Using 'UTF-8' encoding to copy filtered resources.
2018-06-18 10:34:07,947 [Worker-255] INFO  o.e.m.c.i.embedder.EclipseLogger - skip non existing resourceDirectory C:\Users\sebas\Dev\Workspace\PPD\Crowdsourcing\src\test\resources
2018-06-18 10:34:44,323 [Worker-251] INFO  o.e.m.c.i.embedder.EclipseLogger - Using 'UTF-8' encoding to copy filtered resources.
2018-06-18 10:34:44,336 [Worker-251] INFO  o.e.m.c.i.embedder.EclipseLogger - Copying 1 resource
2018-06-18 10:34:44,353 [Worker-251] INFO  o.e.m.c.i.embedder.EclipseLogger - Copying 1 resource
2018-06-18 10:34:44,369 [Worker-251] INFO  o.e.m.c.i.embedder.EclipseLogger - Using 'UTF-8' encoding to copy filtered resources.
2018-06-18 10:34:44,370 [Worker-251] INFO  o.e.m.c.i.embedder.EclipseLogger - skip non existing resourceDirectory C:\Users\sebas\Dev\Workspace\PPD\Crowdsourcing\src\test\resources
2018-06-18 10:34:52,196 [Worker-252] INFO  o.e.m.c.i.embedder.EclipseLogger - Using 'UTF-8' encoding to copy filtered resources.
2018-06-18 10:34:52,198 [Worker-252] INFO  o.e.m.c.i.embedder.EclipseLogger - Copying 1 resource
2018-06-18 10:34:52,201 [Worker-252] INFO  o.e.m.c.i.embedder.EclipseLogger - Copying 1 resource
2018-06-18 10:34:52,203 [Worker-252] INFO  o.e.m.c.i.embedder.EclipseLogger - Using 'UTF-8' encoding to copy filtered resources.
2018-06-18 10:34:52,204 [Worker-252] INFO  o.e.m.c.i.embedder.EclipseLogger - skip non existing resourceDirectory C:\Users\sebas\Dev\Workspace\PPD\Crowdsourcing\src\test\resources
2018-06-18 10:36:09,288 [Worker-251] INFO  o.e.m.c.i.embedder.EclipseLogger - Using 'UTF-8' encoding to copy filtered resources.
2018-06-18 10:36:09,290 [Worker-251] INFO  o.e.m.c.i.embedder.EclipseLogger - Copying 1 resource
2018-06-18 10:36:09,293 [Worker-251] INFO  o.e.m.c.i.embedder.EclipseLogger - Copying 1 resource
2018-06-18 10:36:09,302 [Worker-251] INFO  o.e.m.c.i.embedder.EclipseLogger - Using 'UTF-8' encoding to copy filtered resources.
2018-06-18 10:36:09,302 [Worker-251] INFO  o.e.m.c.i.embedder.EclipseLogger - skip non existing resourceDirectory C:\Users\sebas\Dev\Workspace\PPD\Crowdsourcing\src\test\resources
2018-06-18 10:40:07,290 [Worker-256] INFO  o.e.m.c.i.embedder.EclipseLogger - Using 'UTF-8' encoding to copy filtered resources.
2018-06-18 10:40:07,291 [Worker-256] INFO  o.e.m.c.i.embedder.EclipseLogger - Copying 1 resource
2018-06-18 10:40:07,301 [Worker-256] INFO  o.e.m.c.i.embedder.EclipseLogger - Copying 1 resource
2018-06-18 10:40:07,309 [Worker-256] INFO  o.e.m.c.i.embedder.EclipseLogger - Using 'UTF-8' encoding to copy filtered resources.
2018-06-18 10:40:07,315 [Worker-256] INFO  o.e.m.c.i.embedder.EclipseLogger - skip non existing resourceDirectory C:\Users\sebas\Dev\Workspace\PPD\Crowdsourcing\src\test\resources
2018-06-18 12:02:05,416 [Worker-273] INFO  o.e.m.c.i.embedder.EclipseLogger - Using 'UTF-8' encoding to copy filtered resources.
2018-06-18 12:02:05,418 [Worker-273] INFO  o.e.m.c.i.embedder.EclipseLogger - Copying 0 resource
2018-06-18 12:02:05,425 [Worker-273] INFO  o.e.m.c.i.embedder.EclipseLogger - Copying 0 resource
2018-06-18 12:02:05,433 [Worker-273] INFO  o.e.m.c.i.embedder.EclipseLogger - Using 'UTF-8' encoding to copy filtered resources.
2018-06-18 12:02:05,433 [Worker-273] INFO  o.e.m.c.i.embedder.EclipseLogger - skip non existing resourceDirectory C:\Users\sebas\Dev\Workspace\PPD\Crowdsourcing\src\test\resources
2018-06-18 12:02:27,000 [Worker-253] INFO  o.e.m.c.i.embedder.EclipseLogger - Using 'UTF-8' encoding to copy filtered resources.
2018-06-18 12:02:27,002 [Worker-253] INFO  o.e.m.c.i.embedder.EclipseLogger - Copying 1 resource
2018-06-18 12:02:27,007 [Worker-253] INFO  o.e.m.c.i.embedder.EclipseLogger - Copying 1 resource
2018-06-18 12:02:27,013 [Worker-253] INFO  o.e.m.c.i.embedder.EclipseLogger - Using 'UTF-8' encoding to copy filtered resources.
2018-06-18 12:02:27,023 [Worker-253] INFO  o.e.m.c.i.embedder.EclipseLogger - skip non existing resourceDirectory C:\Users\sebas\Dev\Workspace\PPD\Crowdsourcing\src\test\resources
2018-06-18 12:03:13,634 [Worker-253] INFO  o.e.m.c.i.embedder.EclipseLogger - Using 'UTF-8' encoding to copy filtered resources.
2018-06-18 12:03:13,643 [Worker-253] INFO  o.e.m.c.i.embedder.EclipseLogger - Copying 1 resource
2018-06-18 12:03:13,653 [Worker-253] INFO  o.e.m.c.i.embedder.EclipseLogger - Copying 1 resource
2018-06-18 12:03:13,664 [Worker-253] INFO  o.e.m.c.i.embedder.EclipseLogger - Using 'UTF-8' encoding to copy filtered resources.
2018-06-18 12:03:13,664 [Worker-253] INFO  o.e.m.c.i.embedder.EclipseLogger - skip non existing resourceDirectory C:\Users\sebas\Dev\Workspace\PPD\Crowdsourcing\src\test\resources
2018-06-18 13:09:44,752 [Worker-288] INFO  o.e.m.c.i.embedder.EclipseLogger - Using 'UTF-8' encoding to copy filtered resources.
2018-06-18 13:09:44,754 [Worker-288] INFO  o.e.m.c.i.embedder.EclipseLogger - Copying 1 resource
2018-06-18 13:09:44,763 [Worker-288] INFO  o.e.m.c.i.embedder.EclipseLogger - Copying 1 resource
2018-06-18 13:09:44,773 [Worker-288] INFO  o.e.m.c.i.embedder.EclipseLogger - Using 'UTF-8' encoding to copy filtered resources.
2018-06-18 13:09:44,781 [Worker-288] INFO  o.e.m.c.i.embedder.EclipseLogger - skip non existing resourceDirectory C:\Users\sebas\Dev\Workspace\PPD\Crowdsourcing\src\test\resources
2018-06-18 13:15:06,656 [Worker-289] INFO  o.e.m.c.i.embedder.EclipseLogger - Using 'UTF-8' encoding to copy filtered resources.
2018-06-18 13:15:06,657 [Worker-289] INFO  o.e.m.c.i.embedder.EclipseLogger - Copying 1 resource
2018-06-18 13:15:06,672 [Worker-289] INFO  o.e.m.c.i.embedder.EclipseLogger - Copying 1 resource
2018-06-18 13:15:06,696 [Worker-289] INFO  o.e.m.c.i.embedder.EclipseLogger - Using 'UTF-8' encoding to copy filtered resources.
2018-06-18 13:15:06,696 [Worker-289] INFO  o.e.m.c.i.embedder.EclipseLogger - skip non existing resourceDirectory C:\Users\sebas\Dev\Workspace\PPD\Crowdsourcing\src\test\resources
2018-06-18 13:16:45,410 [Worker-288] INFO  o.e.m.c.i.embedder.EclipseLogger - Using 'UTF-8' encoding to copy filtered resources.
2018-06-18 13:16:45,412 [Worker-288] INFO  o.e.m.c.i.embedder.EclipseLogger - Copying 1 resource
2018-06-18 13:16:45,415 [Worker-288] INFO  o.e.m.c.i.embedder.EclipseLogger - Copying 1 resource
2018-06-18 13:16:45,418 [Worker-288] INFO  o.e.m.c.i.embedder.EclipseLogger - Using 'UTF-8' encoding to copy filtered resources.
2018-06-18 13:16:45,418 [Worker-288] INFO  o.e.m.c.i.embedder.EclipseLogger - skip non existing resourceDirectory C:\Users\sebas\Dev\Workspace\PPD\Crowdsourcing\src\test\resources
2018-06-18 13:19:34,653 [Worker-291] INFO  o.e.m.c.i.e.AbstractTransferListenerAdapter - Downloaded https://repo.spring.io/milestone/org/eclipse/persistence/eclipselink/2.5.1/eclipselink-2.5.1-sources.jar
2018-06-18 13:19:34,947 [Worker-291] INFO  o.e.m.c.i.e.AbstractTransferListenerAdapter - Downloaded https://repo.spring.io/snapshot/org/eclipse/persistence/eclipselink/2.5.1/eclipselink-2.5.1-sources.jar
2018-06-18 13:19:35,372 [Worker-291] INFO  o.e.m.c.i.e.AbstractTransferListenerAdapter - Downloaded https://dl.bintray.com/rabbitmq/maven-milestones/org/eclipse/persistence/eclipselink/2.5.1/eclipselink-2.5.1-sources.jar
2018-06-18 13:19:35,888 [Worker-291] INFO  o.e.m.c.i.e.AbstractTransferListenerAdapter - Downloading https://repo.maven.apache.org/maven2/org/eclipse/persistence/eclipselink/2.5.1/eclipselink-2.5.1-sources.jar
2018-06-18 13:20:04,441 [Worker-291] INFO  o.e.m.c.i.e.AbstractTransferListenerAdapter - Downloaded https://repo.maven.apache.org/maven2/org/eclipse/persistence/eclipselink/2.5.1/eclipselink-2.5.1-sources.jar
2018-06-18 13:20:04,789 [Worker-291] INFO  o.e.m.j.internal.DownloadSourcesJob - Downloaded sources for org.eclipse.persistence:eclipselink:2.5.1
2018-06-18 13:20:05,327 [Worker-289] INFO  o.e.m.c.i.embedder.EclipseLogger - Using 'UTF-8' encoding to copy filtered resources.
2018-06-18 13:20:05,337 [Worker-289] INFO  o.e.m.c.i.embedder.EclipseLogger - Copying 0 resource
2018-06-18 13:20:05,348 [Worker-289] INFO  o.e.m.c.i.embedder.EclipseLogger - Copying 0 resource
2018-06-18 13:20:05,358 [Worker-289] INFO  o.e.m.c.i.embedder.EclipseLogger - Using 'UTF-8' encoding to copy filtered resources.
2018-06-18 13:20:05,358 [Worker-289] INFO  o.e.m.c.i.embedder.EclipseLogger - skip non existing resourceDirectory C:\Users\sebas\Dev\Workspace\PPD\Crowdsourcing\src\test\resources
2018-06-18 13:29:23,158 [Worker-294] INFO  o.e.m.c.i.embedder.EclipseLogger - Using 'UTF-8' encoding to copy filtered resources.
2018-06-18 13:29:23,159 [Worker-294] INFO  o.e.m.c.i.embedder.EclipseLogger - Copying 1 resource
2018-06-18 13:29:23,162 [Worker-294] INFO  o.e.m.c.i.embedder.EclipseLogger - Copying 1 resource
2018-06-18 13:29:23,165 [Worker-294] INFO  o.e.m.c.i.embedder.EclipseLogger - Using 'UTF-8' encoding to copy filtered resources.
2018-06-18 13:29:23,165 [Worker-294] INFO  o.e.m.c.i.embedder.EclipseLogger - skip non existing resourceDirectory C:\Users\sebas\Dev\Workspace\PPD\Crowdsourcing\src\test\resources
2018-06-18 13:36:55,595 [Worker-301] INFO  o.e.m.c.i.embedder.EclipseLogger - Using 'UTF-8' encoding to copy filtered resources.
2018-06-18 13:36:55,597 [Worker-301] INFO  o.e.m.c.i.embedder.EclipseLogger - Copying 1 resource
2018-06-18 13:36:55,600 [Worker-301] INFO  o.e.m.c.i.embedder.EclipseLogger - Copying 1 resource
2018-06-18 13:36:55,625 [Worker-301] INFO  o.e.m.c.i.embedder.EclipseLogger - Using 'UTF-8' encoding to copy filtered resources.
2018-06-18 13:36:55,626 [Worker-301] INFO  o.e.m.c.i.embedder.EclipseLogger - skip non existing resourceDirectory C:\Users\sebas\Dev\Workspace\PPD\Crowdsourcing\src\test\resources
2018-06-21 06:10:08,644 [Worker-3] INFO  c.g.t.t.d.PublishedGradleVersions - Gradle version information cache is out-of-date. Trying to update.
2018-06-21 06:10:19,551 [Worker-1] INFO  o.e.m.c.i.l.LifecycleMappingFactory - Using org.eclipse.m2e.jdt.JarLifecycleMapping lifecycle mapping for MavenProject: ppdCrowd:Crowdsourcing:0.0.1-SNAPSHOT @ C:\Users\sebas\Dev\Workspace\PPD\Crowdsourcing\pom.xml.
2018-06-21 06:10:25,283 [Worker-14] INFO  o.e.m.c.i.embedder.EclipseLogger - Using 'UTF-8' encoding to copy filtered resources.
2018-06-21 06:10:25,290 [Worker-14] INFO  o.e.m.c.i.embedder.EclipseLogger - Copying 1 resource
2018-06-21 06:10:25,310 [Worker-14] INFO  o.e.m.c.i.embedder.EclipseLogger - Copying 1 resource
2018-06-21 06:10:25,328 [Worker-14] INFO  o.e.m.c.i.embedder.EclipseLogger - Using 'UTF-8' encoding to copy filtered resources.
2018-06-21 06:10:25,328 [Worker-14] INFO  o.e.m.c.i.embedder.EclipseLogger - skip non existing resourceDirectory C:\Users\sebas\Dev\Workspace\PPD\Crowdsourcing\src\test\resources
2018-06-21 08:20:54,505 [Worker-26] INFO  o.e.m.c.i.embedder.EclipseLogger - Using 'UTF-8' encoding to copy filtered resources.
2018-06-21 08:20:54,510 [Worker-26] INFO  o.e.m.c.i.embedder.EclipseLogger - Copying 1 resource
2018-06-21 08:20:54,513 [Worker-26] INFO  o.e.m.c.i.embedder.EclipseLogger - Copying 1 resource
2018-06-21 08:20:54,516 [Worker-26] INFO  o.e.m.c.i.embedder.EclipseLogger - Using 'UTF-8' encoding to copy filtered resources.
2018-06-21 08:20:54,516 [Worker-26] INFO  o.e.m.c.i.embedder.EclipseLogger - skip non existing resourceDirectory C:\Users\sebas\Dev\Workspace\PPD\Crowdsourcing\src\test\resources
2018-06-21 08:30:50,666 [Worker-31] INFO  o.e.m.c.i.embedder.EclipseLogger - Using 'UTF-8' encoding to copy filtered resources.
2018-06-21 08:30:50,668 [Worker-31] INFO  o.e.m.c.i.embedder.EclipseLogger - Copying 1 resource
2018-06-21 08:30:50,671 [Worker-31] INFO  o.e.m.c.i.embedder.EclipseLogger - Copying 1 resource
2018-06-21 08:30:50,675 [Worker-31] INFO  o.e.m.c.i.embedder.EclipseLogger - Using 'UTF-8' encoding to copy filtered resources.
2018-06-21 08:30:50,684 [Worker-31] INFO  o.e.m.c.i.embedder.EclipseLogger - skip non existing resourceDirectory C:\Users\sebas\Dev\Workspace\PPD\Crowdsourcing\src\test\resources
2018-06-21 08:37:04,261 [Worker-32] INFO  o.e.m.c.i.embedder.EclipseLogger - Using 'UTF-8' encoding to copy filtered resources.
2018-06-21 08:37:04,263 [Worker-32] INFO  o.e.m.c.i.embedder.EclipseLogger - Copying 1 resource
2018-06-21 08:37:04,267 [Worker-32] INFO  o.e.m.c.i.embedder.EclipseLogger - Copying 1 resource
2018-06-21 08:37:04,278 [Worker-32] INFO  o.e.m.c.i.embedder.EclipseLogger - Using 'UTF-8' encoding to copy filtered resources.
2018-06-21 08:37:04,285 [Worker-32] INFO  o.e.m.c.i.embedder.EclipseLogger - skip non existing resourceDirectory C:\Users\sebas\Dev\Workspace\PPD\Crowdsourcing\src\test\resources
2018-06-21 08:40:35,532 [Worker-34] INFO  o.e.m.c.i.embedder.EclipseLogger - Using 'UTF-8' encoding to copy filtered resources.
2018-06-21 08:40:35,533 [Worker-34] INFO  o.e.m.c.i.embedder.EclipseLogger - Copying 1 resource
2018-06-21 08:40:35,545 [Worker-34] INFO  o.e.m.c.i.embedder.EclipseLogger - Copying 1 resource
2018-06-21 08:40:35,558 [Worker-34] INFO  o.e.m.c.i.embedder.EclipseLogger - Using 'UTF-8' encoding to copy filtered resources.
2018-06-21 08:40:35,569 [Worker-34] INFO  o.e.m.c.i.embedder.EclipseLogger - skip non existing resourceDirectory C:\Users\sebas\Dev\Workspace\PPD\Crowdsourcing\src\test\resources
2018-06-21 08:42:21,854 [Worker-34] INFO  o.e.m.c.i.embedder.EclipseLogger - Using 'UTF-8' encoding to copy filtered resources.
2018-06-21 08:42:21,865 [Worker-34] INFO  o.e.m.c.i.embedder.EclipseLogger - Copying 1 resource
2018-06-21 08:42:21,880 [Worker-34] INFO  o.e.m.c.i.embedder.EclipseLogger - Copying 1 resource
2018-06-21 08:42:21,890 [Worker-34] INFO  o.e.m.c.i.embedder.EclipseLogger - Using 'UTF-8' encoding to copy filtered resources.
2018-06-21 08:42:21,890 [Worker-34] INFO  o.e.m.c.i.embedder.EclipseLogger - skip non existing resourceDirectory C:\Users\sebas\Dev\Workspace\PPD\Crowdsourcing\src\test\resources
2018-06-21 08:53:40,612 [Worker-41] INFO  o.e.m.c.i.embedder.EclipseLogger - Using 'UTF-8' encoding to copy filtered resources.
2018-06-21 08:53:40,614 [Worker-41] INFO  o.e.m.c.i.embedder.EclipseLogger - Copying 1 resource
2018-06-21 08:53:40,618 [Worker-41] INFO  o.e.m.c.i.embedder.EclipseLogger - Copying 1 resource
2018-06-21 08:53:40,621 [Worker-41] INFO  o.e.m.c.i.embedder.EclipseLogger - Using 'UTF-8' encoding to copy filtered resources.
2018-06-21 08:53:40,621 [Worker-41] INFO  o.e.m.c.i.embedder.EclipseLogger - skip non existing resourceDirectory C:\Users\sebas\Dev\Workspace\PPD\Crowdsourcing\src\test\resources
2018-06-21 08:54:20,303 [Worker-25] INFO  o.e.m.c.i.embedder.EclipseLogger - Using 'UTF-8' encoding to copy filtered resources.
2018-06-21 08:54:20,304 [Worker-25] INFO  o.e.m.c.i.embedder.EclipseLogger - Copying 1 resource
2018-06-21 08:54:20,308 [Worker-25] INFO  o.e.m.c.i.embedder.EclipseLogger - Copying 1 resource
2018-06-21 08:54:20,320 [Worker-25] INFO  o.e.m.c.i.embedder.EclipseLogger - Using 'UTF-8' encoding to copy filtered resources.
2018-06-21 08:54:20,320 [Worker-25] INFO  o.e.m.c.i.embedder.EclipseLogger - skip non existing resourceDirectory C:\Users\sebas\Dev\Workspace\PPD\Crowdsourcing\src\test\resources
2018-06-21 08:54:57,804 [Worker-25] INFO  o.e.m.c.i.embedder.EclipseLogger - Using 'UTF-8' encoding to copy filtered resources.
2018-06-21 08:54:57,806 [Worker-25] INFO  o.e.m.c.i.embedder.EclipseLogger - Copying 1 resource
2018-06-21 08:54:57,815 [Worker-25] INFO  o.e.m.c.i.embedder.EclipseLogger - Copying 1 resource
2018-06-21 08:54:57,826 [Worker-25] INFO  o.e.m.c.i.embedder.EclipseLogger - Using 'UTF-8' encoding to copy filtered resources.
2018-06-21 08:54:57,833 [Worker-25] INFO  o.e.m.c.i.embedder.EclipseLogger - skip non existing resourceDirectory C:\Users\sebas\Dev\Workspace\PPD\Crowdsourcing\src\test\resources
2018-06-23 12:02:05,875 [Worker-0] INFO  c.g.t.t.d.PublishedGradleVersions - Gradle version information cache is out-of-date. Trying to update.
2018-06-23 12:05:53,988 [Worker-10] INFO  o.e.m.c.i.embedder.EclipseLogger - Using 'UTF-8' encoding to copy filtered resources.
2018-06-23 12:05:53,993 [Worker-10] INFO  o.e.m.c.i.embedder.EclipseLogger - Copying 1 resource
2018-06-23 12:05:54,012 [Worker-10] INFO  o.e.m.c.i.embedder.EclipseLogger - Copying 1 resource
2018-06-23 12:05:54,016 [Worker-10] INFO  o.e.m.c.i.embedder.EclipseLogger - Using 'UTF-8' encoding to copy filtered resources.
2018-06-23 12:05:54,016 [Worker-10] INFO  o.e.m.c.i.embedder.EclipseLogger - skip non existing resourceDirectory C:\Users\sebas\Dev\Workspace\PPD\Crowdsourcing\src\test\resources
2018-06-23 12:09:11,459 [Worker-20] INFO  o.e.m.c.i.embedder.EclipseLogger - Using 'UTF-8' encoding to copy filtered resources.
2018-06-23 12:09:11,467 [Worker-20] INFO  o.e.m.c.i.embedder.EclipseLogger - Copying 1 resource
2018-06-23 12:09:11,470 [Worker-20] INFO  o.e.m.c.i.embedder.EclipseLogger - Copying 1 resource
2018-06-23 12:09:11,474 [Worker-20] INFO  o.e.m.c.i.embedder.EclipseLogger - Using 'UTF-8' encoding to copy filtered resources.
2018-06-23 12:09:11,474 [Worker-20] INFO  o.e.m.c.i.embedder.EclipseLogger - skip non existing resourceDirectory C:\Users\sebas\Dev\Workspace\PPD\Crowdsourcing\src\test\resources
2018-06-23 12:23:29,655 [Worker-10] INFO  o.e.m.c.i.embedder.EclipseLogger - Using 'UTF-8' encoding to copy filtered resources.
2018-06-23 12:23:29,657 [Worker-10] INFO  o.e.m.c.i.embedder.EclipseLogger - Copying 1 resource
2018-06-23 12:23:29,660 [Worker-10] INFO  o.e.m.c.i.embedder.EclipseLogger - Copying 1 resource
2018-06-23 12:23:29,664 [Worker-10] INFO  o.e.m.c.i.embedder.EclipseLogger - Using 'UTF-8' encoding to copy filtered resources.
2018-06-23 12:23:29,665 [Worker-10] INFO  o.e.m.c.i.embedder.EclipseLogger - skip non existing resourceDirectory C:\Users\sebas\Dev\Workspace\PPD\Crowdsourcing\src\test\resources
2018-06-23 12:24:40,587 [Worker-28] INFO  o.e.m.c.i.embedder.EclipseLogger - Using 'UTF-8' encoding to copy filtered resources.
2018-06-23 12:24:40,589 [Worker-28] INFO  o.e.m.c.i.embedder.EclipseLogger - Copying 1 resource
2018-06-23 12:24:40,592 [Worker-28] INFO  o.e.m.c.i.embedder.EclipseLogger - Copying 1 resource
2018-06-23 12:24:40,595 [Worker-28] INFO  o.e.m.c.i.embedder.EclipseLogger - Using 'UTF-8' encoding to copy filtered resources.
2018-06-23 12:24:40,604 [Worker-28] INFO  o.e.m.c.i.embedder.EclipseLogger - skip non existing resourceDirectory C:\Users\sebas\Dev\Workspace\PPD\Crowdsourcing\src\test\resources
2018-06-23 12:37:12,789 [Worker-20] INFO  o.e.m.c.i.embedder.EclipseLogger - Using 'UTF-8' encoding to copy filtered resources.
2018-06-23 12:37:12,791 [Worker-20] INFO  o.e.m.c.i.embedder.EclipseLogger - Copying 1 resource
2018-06-23 12:37:12,809 [Worker-20] INFO  o.e.m.c.i.embedder.EclipseLogger - Copying 1 resource
2018-06-23 12:37:12,820 [Worker-20] INFO  o.e.m.c.i.embedder.EclipseLogger - Using 'UTF-8' encoding to copy filtered resources.
2018-06-23 12:37:12,821 [Worker-20] INFO  o.e.m.c.i.embedder.EclipseLogger - skip non existing resourceDirectory C:\Users\sebas\Dev\Workspace\PPD\Crowdsourcing\src\test\resources
2018-06-23 12:46:45,869 [Worker-36] INFO  o.e.m.c.i.embedder.EclipseLogger - Using 'UTF-8' encoding to copy filtered resources.
2018-06-23 12:46:45,871 [Worker-36] INFO  o.e.m.c.i.embedder.EclipseLogger - Copying 1 resource
2018-06-23 12:46:45,885 [Worker-36] INFO  o.e.m.c.i.embedder.EclipseLogger - Copying 1 resource
2018-06-23 12:46:45,896 [Worker-36] INFO  o.e.m.c.i.embedder.EclipseLogger - Using 'UTF-8' encoding to copy filtered resources.
2018-06-23 12:46:45,904 [Worker-36] INFO  o.e.m.c.i.embedder.EclipseLogger - skip non existing resourceDirectory C:\Users\sebas\Dev\Workspace\PPD\Crowdsourcing\src\test\resources
2018-06-24 19:37:23,963 [Worker-0] INFO  c.g.t.t.d.PublishedGradleVersions - Gradle version information cache is out-of-date. Trying to update.
2018-06-24 20:52:15,733 [Worker-35] INFO  o.e.m.c.i.embedder.EclipseLogger - Using 'UTF-8' encoding to copy filtered resources.
2018-06-24 20:52:15,743 [Worker-35] INFO  o.e.m.c.i.embedder.EclipseLogger - Copying 1 resource
2018-06-24 20:52:15,761 [Worker-35] INFO  o.e.m.c.i.embedder.EclipseLogger - Copying 1 resource
2018-06-24 20:52:15,778 [Worker-35] INFO  o.e.m.c.i.embedder.EclipseLogger - Using 'UTF-8' encoding to copy filtered resources.
2018-06-24 20:52:15,778 [Worker-35] INFO  o.e.m.c.i.embedder.EclipseLogger - skip non existing resourceDirectory C:\Users\sebas\Dev\Workspace\PPD\Crowdsourcing\src\test\resources
2018-06-25 01:07:49,895 [Worker-106] INFO  o.e.m.c.i.embedder.EclipseLogger - Using 'UTF-8' encoding to copy filtered resources.
2018-06-25 01:07:49,905 [Worker-106] INFO  o.e.m.c.i.embedder.EclipseLogger - Copying 1 resource
2018-06-25 01:07:49,909 [Worker-106] INFO  o.e.m.c.i.embedder.EclipseLogger - Copying 1 resource
2018-06-25 01:07:49,912 [Worker-106] INFO  o.e.m.c.i.embedder.EclipseLogger - Using 'UTF-8' encoding to copy filtered resources.
2018-06-25 01:07:49,912 [Worker-106] INFO  o.e.m.c.i.embedder.EclipseLogger - skip non existing resourceDirectory C:\Users\sebas\Dev\Workspace\PPD\Crowdsourcing\src\test\resources
2018-06-25 01:09:41,805 [Worker-112] INFO  o.e.m.c.i.embedder.EclipseLogger - Using 'UTF-8' encoding to copy filtered resources.
2018-06-25 01:09:41,807 [Worker-112] INFO  o.e.m.c.i.embedder.EclipseLogger - Copying 1 resource
2018-06-25 01:09:41,810 [Worker-112] INFO  o.e.m.c.i.embedder.EclipseLogger - Copying 1 resource
2018-06-25 01:09:41,815 [Worker-112] INFO  o.e.m.c.i.embedder.EclipseLogger - Using 'UTF-8' encoding to copy filtered resources.
2018-06-25 01:09:41,815 [Worker-112] INFO  o.e.m.c.i.embedder.EclipseLogger - skip non existing resourceDirectory C:\Users\sebas\Dev\Workspace\PPD\Crowdsourcing\src\test\resources
2018-06-25 01:13:49,898 [Worker-113] INFO  o.e.m.c.i.embedder.EclipseLogger - Using 'UTF-8' encoding to copy filtered resources.
2018-06-25 01:13:49,900 [Worker-113] INFO  o.e.m.c.i.embedder.EclipseLogger - Copying 1 resource
2018-06-25 01:13:49,902 [Worker-113] INFO  o.e.m.c.i.embedder.EclipseLogger - Copying 1 resource
2018-06-25 01:13:49,904 [Worker-113] INFO  o.e.m.c.i.embedder.EclipseLogger - Using 'UTF-8' encoding to copy filtered resources.
2018-06-25 01:13:49,910 [Worker-113] INFO  o.e.m.c.i.embedder.EclipseLogger - skip non existing resourceDirectory C:\Users\sebas\Dev\Workspace\PPD\Crowdsourcing\src\test\resources
2018-06-25 01:17:22,014 [Worker-116] INFO  o.e.m.c.i.embedder.EclipseLogger - Using 'UTF-8' encoding to copy filtered resources.
2018-06-25 01:17:22,022 [Worker-116] INFO  o.e.m.c.i.embedder.EclipseLogger - Copying 1 resource
2018-06-25 01:17:22,030 [Worker-116] INFO  o.e.m.c.i.embedder.EclipseLogger - Copying 1 resource
2018-06-25 01:17:22,037 [Worker-116] INFO  o.e.m.c.i.embedder.EclipseLogger - Using 'UTF-8' encoding to copy filtered resources.
2018-06-25 01:17:22,038 [Worker-116] INFO  o.e.m.c.i.embedder.EclipseLogger - skip non existing resourceDirectory C:\Users\sebas\Dev\Workspace\PPD\Crowdsourcing\src\test\resources
2018-06-25 01:24:11,702 [Worker-121] INFO  o.e.m.c.i.embedder.EclipseLogger - Using 'UTF-8' encoding to copy filtered resources.
2018-06-25 01:24:11,704 [Worker-121] INFO  o.e.m.c.i.embedder.EclipseLogger - Copying 1 resource
2018-06-25 01:24:11,716 [Worker-121] INFO  o.e.m.c.i.embedder.EclipseLogger - Copying 1 resource
2018-06-25 01:24:11,725 [Worker-121] INFO  o.e.m.c.i.embedder.EclipseLogger - Using 'UTF-8' encoding to copy filtered resources.
2018-06-25 01:24:11,731 [Worker-121] INFO  o.e.m.c.i.embedder.EclipseLogger - skip non existing resourceDirectory C:\Users\sebas\Dev\Workspace\PPD\Crowdsourcing\src\test\resources
2018-06-25 01:31:37,501 [Worker-125] INFO  o.e.m.c.i.embedder.EclipseLogger - Using 'UTF-8' encoding to copy filtered resources.
2018-06-25 01:31:37,502 [Worker-125] INFO  o.e.m.c.i.embedder.EclipseLogger - Copying 1 resource
2018-06-25 01:31:37,510 [Worker-125] INFO  o.e.m.c.i.embedder.EclipseLogger - Copying 1 resource
2018-06-25 01:31:37,518 [Worker-125] INFO  o.e.m.c.i.embedder.EclipseLogger - Using 'UTF-8' encoding to copy filtered resources.
2018-06-25 01:31:37,518 [Worker-125] INFO  o.e.m.c.i.embedder.EclipseLogger - skip non existing resourceDirectory C:\Users\sebas\Dev\Workspace\PPD\Crowdsourcing\src\test\resources
2018-06-25 01:57:22,472 [Worker-133] INFO  o.e.m.c.i.embedder.EclipseLogger - Using 'UTF-8' encoding to copy filtered resources.
2018-06-25 01:57:22,474 [Worker-133] INFO  o.e.m.c.i.embedder.EclipseLogger - Copying 1 resource
2018-06-25 01:57:22,478 [Worker-133] INFO  o.e.m.c.i.embedder.EclipseLogger - Copying 1 resource
2018-06-25 01:57:22,485 [Worker-133] INFO  o.e.m.c.i.embedder.EclipseLogger - Using 'UTF-8' encoding to copy filtered resources.
2018-06-25 01:57:22,500 [Worker-133] INFO  o.e.m.c.i.embedder.EclipseLogger - skip non existing resourceDirectory C:\Users\sebas\Dev\Workspace\PPD\Crowdsourcing\src\test\resources
2018-06-25 01:58:55,918 [Worker-138] INFO  o.e.m.c.i.embedder.EclipseLogger - Using 'UTF-8' encoding to copy filtered resources.
2018-06-25 01:58:55,919 [Worker-138] INFO  o.e.m.c.i.embedder.EclipseLogger - Copying 1 resource
2018-06-25 01:58:55,926 [Worker-138] INFO  o.e.m.c.i.embedder.EclipseLogger - Copying 1 resource
2018-06-25 01:58:55,935 [Worker-138] INFO  o.e.m.c.i.embedder.EclipseLogger - Using 'UTF-8' encoding to copy filtered resources.
2018-06-25 01:58:55,935 [Worker-138] INFO  o.e.m.c.i.embedder.EclipseLogger - skip non existing resourceDirectory C:\Users\sebas\Dev\Workspace\PPD\Crowdsourcing\src\test\resources
2018-06-25 01:59:53,520 [Worker-129] INFO  o.e.m.c.i.embedder.EclipseLogger - Using 'UTF-8' encoding to copy filtered resources.
2018-06-25 01:59:53,522 [Worker-129] INFO  o.e.m.c.i.embedder.EclipseLogger - Copying 1 resource
2018-06-25 01:59:53,545 [Worker-129] INFO  o.e.m.c.i.embedder.EclipseLogger - Copying 1 resource
2018-06-25 01:59:53,567 [Worker-129] INFO  o.e.m.c.i.embedder.EclipseLogger - Using 'UTF-8' encoding to copy filtered resources.
2018-06-25 01:59:53,583 [Worker-129] INFO  o.e.m.c.i.embedder.EclipseLogger - skip non existing resourceDirectory C:\Users\sebas\Dev\Workspace\PPD\Crowdsourcing\src\test\resources
2018-06-25 02:03:40,267 [Worker-140] INFO  o.e.m.c.i.embedder.EclipseLogger - Using 'UTF-8' encoding to copy filtered resources.
2018-06-25 02:03:40,268 [Worker-140] INFO  o.e.m.c.i.embedder.EclipseLogger - Copying 1 resource
2018-06-25 02:03:40,280 [Worker-140] INFO  o.e.m.c.i.embedder.EclipseLogger - Copying 1 resource
2018-06-25 02:03:40,290 [Worker-140] INFO  o.e.m.c.i.embedder.EclipseLogger - Using 'UTF-8' encoding to copy filtered resources.
2018-06-25 02:03:40,290 [Worker-140] INFO  o.e.m.c.i.embedder.EclipseLogger - skip non existing resourceDirectory C:\Users\sebas\Dev\Workspace\PPD\Crowdsourcing\src\test\resources
2018-06-25 02:09:41,898 [Worker-145] INFO  o.e.m.c.i.embedder.EclipseLogger - Using 'UTF-8' encoding to copy filtered resources.
2018-06-25 02:09:41,900 [Worker-145] INFO  o.e.m.c.i.embedder.EclipseLogger - Copying 1 resource
2018-06-25 02:09:41,903 [Worker-145] INFO  o.e.m.c.i.embedder.EclipseLogger - Copying 1 resource
2018-06-25 02:09:41,906 [Worker-145] INFO  o.e.m.c.i.embedder.EclipseLogger - Using 'UTF-8' encoding to copy filtered resources.
2018-06-25 02:09:41,906 [Worker-145] INFO  o.e.m.c.i.embedder.EclipseLogger - skip non existing resourceDirectory C:\Users\sebas\Dev\Workspace\PPD\Crowdsourcing\src\test\resources
2018-06-25 02:38:32,628 [Worker-156] INFO  o.e.m.c.i.embedder.EclipseLogger - Using 'UTF-8' encoding to copy filtered resources.
2018-06-25 02:38:32,630 [Worker-156] INFO  o.e.m.c.i.embedder.EclipseLogger - Copying 1 resource
2018-06-25 02:38:32,632 [Worker-156] INFO  o.e.m.c.i.embedder.EclipseLogger - Copying 1 resource
2018-06-25 02:38:32,642 [Worker-156] INFO  o.e.m.c.i.embedder.EclipseLogger - Using 'UTF-8' encoding to copy filtered resources.
2018-06-25 02:38:32,642 [Worker-156] INFO  o.e.m.c.i.embedder.EclipseLogger - skip non existing resourceDirectory C:\Users\sebas\Dev\Workspace\PPD\Crowdsourcing\src\test\resources
2018-06-25 02:40:08,322 [Worker-142] INFO  o.e.m.c.i.embedder.EclipseLogger - Using 'UTF-8' encoding to copy filtered resources.
2018-06-25 02:40:08,324 [Worker-142] INFO  o.e.m.c.i.embedder.EclipseLogger - Copying 1 resource
2018-06-25 02:40:08,336 [Worker-142] INFO  o.e.m.c.i.embedder.EclipseLogger - Copying 1 resource
2018-06-25 02:40:08,347 [Worker-142] INFO  o.e.m.c.i.embedder.EclipseLogger - Using 'UTF-8' encoding to copy filtered resources.
2018-06-25 02:40:08,356 [Worker-142] INFO  o.e.m.c.i.embedder.EclipseLogger - skip non existing resourceDirectory C:\Users\sebas\Dev\Workspace\PPD\Crowdsourcing\src\test\resources
2018-06-25 02:53:38,067 [Worker-155] INFO  o.e.m.c.i.embedder.EclipseLogger - Using 'UTF-8' encoding to copy filtered resources.
2018-06-25 02:53:38,069 [Worker-155] INFO  o.e.m.c.i.embedder.EclipseLogger - Copying 1 resource
2018-06-25 02:53:38,078 [Worker-155] INFO  o.e.m.c.i.embedder.EclipseLogger - Copying 1 resource
2018-06-25 02:53:38,088 [Worker-155] INFO  o.e.m.c.i.embedder.EclipseLogger - Using 'UTF-8' encoding to copy filtered resources.
2018-06-25 02:53:38,088 [Worker-155] INFO  o.e.m.c.i.embedder.EclipseLogger - skip non existing resourceDirectory C:\Users\sebas\Dev\Workspace\PPD\Crowdsourcing\src\test\resources
2018-06-25 05:41:54,114 [Worker-217] INFO  o.e.m.c.i.embedder.EclipseLogger - Using 'UTF-8' encoding to copy filtered resources.
2018-06-25 05:41:54,117 [Worker-217] INFO  o.e.m.c.i.embedder.EclipseLogger - Copying 1 resource
2018-06-25 05:41:54,121 [Worker-217] INFO  o.e.m.c.i.embedder.EclipseLogger - Copying 1 resource
2018-06-25 05:41:54,128 [Worker-217] INFO  o.e.m.c.i.embedder.EclipseLogger - Using 'UTF-8' encoding to copy filtered resources.
2018-06-25 05:41:54,139 [Worker-217] INFO  o.e.m.c.i.embedder.EclipseLogger - skip non existing resourceDirectory C:\Users\sebas\Dev\Workspace\PPD\Crowdsourcing\src\test\resources
2018-06-25 05:42:45,039 [Worker-216] INFO  o.e.m.c.i.embedder.EclipseLogger - Using 'UTF-8' encoding to copy filtered resources.
2018-06-25 05:42:45,046 [Worker-216] INFO  o.e.m.c.i.embedder.EclipseLogger - Copying 1 resource
2018-06-25 05:42:45,055 [Worker-216] INFO  o.e.m.c.i.embedder.EclipseLogger - Copying 1 resource
2018-06-25 05:42:45,064 [Worker-216] INFO  o.e.m.c.i.embedder.EclipseLogger - Using 'UTF-8' encoding to copy filtered resources.
2018-06-25 05:42:45,064 [Worker-216] INFO  o.e.m.c.i.embedder.EclipseLogger - skip non existing resourceDirectory C:\Users\sebas\Dev\Workspace\PPD\Crowdsourcing\src\test\resources
2018-06-25 05:46:43,270 [Worker-214] INFO  o.e.m.c.i.embedder.EclipseLogger - Using 'UTF-8' encoding to copy filtered resources.
2018-06-25 05:46:43,272 [Worker-214] INFO  o.e.m.c.i.embedder.EclipseLogger - Copying 1 resource
2018-06-25 05:46:43,281 [Worker-214] INFO  o.e.m.c.i.embedder.EclipseLogger - Copying 1 resource
2018-06-25 05:46:43,288 [Worker-214] INFO  o.e.m.c.i.embedder.EclipseLogger - Using 'UTF-8' encoding to copy filtered resources.
2018-06-25 05:46:43,294 [Worker-214] INFO  o.e.m.c.i.embedder.EclipseLogger - skip non existing resourceDirectory C:\Users\sebas\Dev\Workspace\PPD\Crowdsourcing\src\test\resources
2018-06-25 05:52:24,983 [Worker-224] INFO  o.e.m.c.i.embedder.EclipseLogger - Using 'UTF-8' encoding to copy filtered resources.
2018-06-25 05:52:24,993 [Worker-224] INFO  o.e.m.c.i.embedder.EclipseLogger - Copying 1 resource
2018-06-25 05:52:25,000 [Worker-224] INFO  o.e.m.c.i.embedder.EclipseLogger - Copying 1 resource
2018-06-25 05:52:25,008 [Worker-224] INFO  o.e.m.c.i.embedder.EclipseLogger - Using 'UTF-8' encoding to copy filtered resources.
2018-06-25 05:52:25,009 [Worker-224] INFO  o.e.m.c.i.embedder.EclipseLogger - skip non existing resourceDirectory C:\Users\sebas\Dev\Workspace\PPD\Crowdsourcing\src\test\resources
2018-06-25 06:03:38,040 [Worker-216] INFO  o.e.m.c.i.embedder.EclipseLogger - Using 'UTF-8' encoding to copy filtered resources.
2018-06-25 06:03:38,042 [Worker-216] INFO  o.e.m.c.i.embedder.EclipseLogger - Copying 1 resource
2018-06-25 06:03:38,045 [Worker-216] INFO  o.e.m.c.i.embedder.EclipseLogger - Copying 1 resource
2018-06-25 06:03:38,048 [Worker-216] INFO  o.e.m.c.i.embedder.EclipseLogger - Using 'UTF-8' encoding to copy filtered resources.
2018-06-25 06:03:38,048 [Worker-216] INFO  o.e.m.c.i.embedder.EclipseLogger - skip non existing resourceDirectory C:\Users\sebas\Dev\Workspace\PPD\Crowdsourcing\src\test\resources
2018-06-25 06:03:54,121 [Worker-225] INFO  o.e.m.c.i.embedder.EclipseLogger - Using 'UTF-8' encoding to copy filtered resources.
2018-06-25 06:03:54,122 [Worker-225] INFO  o.e.m.c.i.embedder.EclipseLogger - Copying 1 resource
2018-06-25 06:03:54,125 [Worker-225] INFO  o.e.m.c.i.embedder.EclipseLogger - Copying 1 resource
2018-06-25 06:03:54,133 [Worker-225] INFO  o.e.m.c.i.embedder.EclipseLogger - Using 'UTF-8' encoding to copy filtered resources.
2018-06-25 06:03:54,133 [Worker-225] INFO  o.e.m.c.i.embedder.EclipseLogger - skip non existing resourceDirectory C:\Users\sebas\Dev\Workspace\PPD\Crowdsourcing\src\test\resources
2018-06-25 06:04:12,559 [Worker-165] INFO  o.e.m.c.i.embedder.EclipseLogger - Using 'UTF-8' encoding to copy filtered resources.
2018-06-25 06:04:12,561 [Worker-165] INFO  o.e.m.c.i.embedder.EclipseLogger - Copying 1 resource
2018-06-25 06:04:12,571 [Worker-165] INFO  o.e.m.c.i.embedder.EclipseLogger - Copying 1 resource
2018-06-25 06:04:12,579 [Worker-165] INFO  o.e.m.c.i.embedder.EclipseLogger - Using 'UTF-8' encoding to copy filtered resources.
2018-06-25 06:04:12,586 [Worker-165] INFO  o.e.m.c.i.embedder.EclipseLogger - skip non existing resourceDirectory C:\Users\sebas\Dev\Workspace\PPD\Crowdsourcing\src\test\resources
2018-06-25 06:04:19,349 [Worker-225] INFO  o.e.m.c.i.embedder.EclipseLogger - Using 'UTF-8' encoding to copy filtered resources.
2018-06-25 06:04:19,357 [Worker-225] INFO  o.e.m.c.i.embedder.EclipseLogger - Copying 1 resource
2018-06-25 06:04:19,365 [Worker-225] INFO  o.e.m.c.i.embedder.EclipseLogger - Copying 1 resource
2018-06-25 06:04:19,375 [Worker-225] INFO  o.e.m.c.i.embedder.EclipseLogger - Using 'UTF-8' encoding to copy filtered resources.
2018-06-25 06:04:19,375 [Worker-225] INFO  o.e.m.c.i.embedder.EclipseLogger - skip non existing resourceDirectory C:\Users\sebas\Dev\Workspace\PPD\Crowdsourcing\src\test\resources
2018-06-25 06:06:08,584 [Worker-216] INFO  o.e.m.c.i.embedder.EclipseLogger - Using 'UTF-8' encoding to copy filtered resources.
2018-06-25 06:06:08,585 [Worker-216] INFO  o.e.m.c.i.embedder.EclipseLogger - Copying 1 resource
2018-06-25 06:06:08,589 [Worker-216] INFO  o.e.m.c.i.embedder.EclipseLogger - Copying 1 resource
2018-06-25 06:06:08,591 [Worker-216] INFO  o.e.m.c.i.embedder.EclipseLogger - Using 'UTF-8' encoding to copy filtered resources.
2018-06-25 06:06:08,599 [Worker-216] INFO  o.e.m.c.i.embedder.EclipseLogger - skip non existing resourceDirectory C:\Users\sebas\Dev\Workspace\PPD\Crowdsourcing\src\test\resources
2018-06-25 06:12:37,884 [Worker-229] INFO  o.e.m.c.i.embedder.EclipseLogger - Using 'UTF-8' encoding to copy filtered resources.
2018-06-25 06:12:37,892 [Worker-229] INFO  o.e.m.c.i.embedder.EclipseLogger - Copying 1 resource
2018-06-25 06:12:37,901 [Worker-229] INFO  o.e.m.c.i.embedder.EclipseLogger - Copying 1 resource
2018-06-25 06:12:37,908 [Worker-229] INFO  o.e.m.c.i.embedder.EclipseLogger - Using 'UTF-8' encoding to copy filtered resources.
2018-06-25 06:12:37,908 [Worker-229] INFO  o.e.m.c.i.embedder.EclipseLogger - skip non existing resourceDirectory C:\Users\sebas\Dev\Workspace\PPD\Crowdsourcing\src\test\resources
2018-06-25 06:36:32,586 [Worker-238] INFO  o.e.m.c.i.embedder.EclipseLogger - Using 'UTF-8' encoding to copy filtered resources.
2018-06-25 06:36:32,588 [Worker-238] INFO  o.e.m.c.i.embedder.EclipseLogger - Copying 1 resource
2018-06-25 06:36:32,598 [Worker-238] INFO  o.e.m.c.i.embedder.EclipseLogger - Copying 1 resource
2018-06-25 06:36:32,607 [Worker-238] INFO  o.e.m.c.i.embedder.EclipseLogger - Using 'UTF-8' encoding to copy filtered resources.
2018-06-25 06:36:32,613 [Worker-238] INFO  o.e.m.c.i.embedder.EclipseLogger - skip non existing resourceDirectory C:\Users\sebas\Dev\Workspace\PPD\Crowdsourcing\src\test\resources
2018-06-25 07:57:00,071 [Worker-265] INFO  o.e.m.c.i.embedder.EclipseLogger - Using 'UTF-8' encoding to copy filtered resources.
2018-06-25 07:57:00,074 [Worker-265] INFO  o.e.m.c.i.embedder.EclipseLogger - Copying 1 resource
2018-06-25 07:57:00,084 [Worker-265] INFO  o.e.m.c.i.embedder.EclipseLogger - Copying 1 resource
2018-06-25 07:57:00,094 [Worker-265] INFO  o.e.m.c.i.embedder.EclipseLogger - Using 'UTF-8' encoding to copy filtered resources.
2018-06-25 07:57:00,094 [Worker-265] INFO  o.e.m.c.i.embedder.EclipseLogger - skip non existing resourceDirectory C:\Users\sebas\Dev\Workspace\PPD\Crowdsourcing\src\test\resources
2018-06-25 09:24:32,630 [Worker-287] INFO  o.e.m.c.i.embedder.EclipseLogger - Using 'UTF-8' encoding to copy filtered resources.
2018-06-25 09:24:32,630 [Worker-287] INFO  o.e.m.c.i.embedder.EclipseLogger - Copying 0 resource
2018-06-25 09:24:32,631 [Worker-287] INFO  o.e.m.c.i.embedder.EclipseLogger - Copying 0 resource
2018-06-25 09:24:32,632 [Worker-287] INFO  o.e.m.c.i.embedder.EclipseLogger - Using 'UTF-8' encoding to copy filtered resources.
2018-06-25 09:24:32,632 [Worker-287] INFO  o.e.m.c.i.embedder.EclipseLogger - skip non existing resourceDirectory C:\Users\sebas\Dev\Workspace\PPD\Crowdsourcing\src\test\resources
